{"/home/utku/video-diary/Home.tsx": {"path":"/home/utku/video-diary/Home.tsx","statementMap":{},"fnMap":{},"branchMap":{},"s":{},"f":{},"b":{}}
,"/home/utku/video-diary/index.js": {"path":"/home/utku/video-diary/index.js","statementMap":{},"fnMap":{},"branchMap":{},"s":{},"f":{},"b":{}}
,"/home/utku/video-diary/jest.setup.ts": {"path":"/home/utku/video-diary/jest.setup.ts","statementMap":{},"fnMap":{},"branchMap":{},"s":{},"f":{},"b":{}}
,"/home/utku/video-diary/nativewind.d.ts": {"path":"/home/utku/video-diary/nativewind.d.ts","statementMap":{},"fnMap":{},"branchMap":{},"s":{},"f":{},"b":{}}
,"/home/utku/video-diary/postcss.config.js": {"path":"/home/utku/video-diary/postcss.config.js","statementMap":{"0":{"start":{"line":1,"column":0},"end":{"line":6,"column":4}}},"fnMap":{},"branchMap":{},"s":{"0":0},"f":{},"b":{}}
,"/home/utku/video-diary/tailwind.config.js": {"path":"/home/utku/video-diary/tailwind.config.js","statementMap":{"0":{"start":{"line":2,"column":0},"end":{"line":11,"column":3}}},"fnMap":{},"branchMap":{},"s":{"0":0},"f":{},"b":{}}
,"/home/utku/video-diary/app/_layout.tsx": {"path":"/home/utku/video-diary/app/_layout.tsx","statementMap":{"0":{"start":{"line":4,"column":20},"end":{"line":4,"column":37}},"1":{"start":{"line":7,"column":2},"end":{"line":26,"column":4}}},"fnMap":{"0":{"name":"RootLayout","decl":{"start":{"line":6,"column":24},"end":{"line":6,"column":34}},"loc":{"start":{"line":6,"column":37},"end":{"line":27,"column":1}},"line":6}},"branchMap":{},"s":{"0":0,"1":0},"f":{"0":0},"b":{}}
,"/home/utku/video-diary/app/(tabs)/index.tsx": {"path":"/home/utku/video-diary/app/(tabs)/index.tsx","statementMap":{"0":{"start":{"line":9,"column":25},"end":{"line":70,"column":3}},"1":{"start":{"line":11,"column":23},"end":{"line":11,"column":78}},"2":{"start":{"line":12,"column":4},"end":{"line":15,"column":5}},"3":{"start":{"line":13,"column":6},"end":{"line":13,"column":86}},"4":{"start":{"line":14,"column":6},"end":{"line":14,"column":13}},"5":{"start":{"line":17,"column":19},"end":{"line":22,"column":6}},"6":{"start":{"line":24,"column":4},"end":{"line":69,"column":5}},"7":{"start":{"line":25,"column":20},"end":{"line":25,"column":36}},"8":{"start":{"line":28,"column":6},"end":{"line":31,"column":7}},"9":{"start":{"line":29,"column":8},"end":{"line":29,"column":71}},"10":{"start":{"line":30,"column":8},"end":{"line":30,"column":15}},"11":{"start":{"line":33,"column":23},"end":{"line":33,"column":43}},"12":{"start":{"line":35,"column":6},"end":{"line":68,"column":7}},"13":{"start":{"line":36,"column":8},"end":{"line":61,"column":9}},"14":{"start":{"line":37,"column":27},"end":{"line":37,"column":66}},"15":{"start":{"line":39,"column":10},"end":{"line":57,"column":11}},"16":{"start":{"line":40,"column":29},"end":{"line":40,"column":42}},"17":{"start":{"line":41,"column":12},"end":{"line":44,"column":13}},"18":{"start":{"line":42,"column":14},"end":{"line":42,"column":82}},"19":{"start":{"line":43,"column":14},"end":{"line":43,"column":21}},"20":{"start":{"line":47,"column":34},"end":{"line":47,"column":92}},"21":{"start":{"line":49,"column":59},"end":{"line":49,"column":102}},"22":{"start":{"line":51,"column":12},"end":{"line":54,"column":13}},"23":{"start":{"line":52,"column":14},"end":{"line":52,"column":83}},"24":{"start":{"line":53,"column":14},"end":{"line":53,"column":21}},"25":{"start":{"line":56,"column":12},"end":{"line":56,"column":78}},"26":{"start":{"line":59,"column":10},"end":{"line":59,"column":60}},"27":{"start":{"line":60,"column":10},"end":{"line":60,"column":71}},"28":{"start":{"line":63,"column":8},"end":{"line":63,"column":35}},"29":{"start":{"line":66,"column":8},"end":{"line":66,"column":90}},"30":{"start":{"line":67,"column":8},"end":{"line":67,"column":85}},"31":{"start":{"line":72,"column":27},"end":{"line":79,"column":3}},"32":{"start":{"line":78,"column":4},"end":{"line":78,"column":47}},"33":{"start":{"line":82,"column":2},"end":{"line":118,"column":4}},"34":{"start":{"line":95,"column":26},"end":{"line":95,"column":30}}},"fnMap":{"0":{"name":"Home","decl":{"start":{"line":8,"column":24},"end":{"line":8,"column":28}},"loc":{"start":{"line":8,"column":31},"end":{"line":119,"column":1}},"line":8},"1":{"name":"(anonymous_1)","decl":{"start":{"line":9,"column":25},"end":{"line":9,"column":26}},"loc":{"start":{"line":9,"column":37},"end":{"line":70,"column":3}},"line":9},"2":{"name":"(anonymous_2)","decl":{"start":{"line":72,"column":27},"end":{"line":72,"column":28}},"loc":{"start":{"line":72,"column":55},"end":{"line":79,"column":3}},"line":72},"3":{"name":"(anonymous_3)","decl":{"start":{"line":95,"column":20},"end":{"line":95,"column":21}},"loc":{"start":{"line":95,"column":26},"end":{"line":95,"column":30}},"line":95}},"branchMap":{"0":{"loc":{"start":{"line":12,"column":4},"end":{"line":15,"column":5}},"type":"if","locations":[{"start":{"line":12,"column":4},"end":{"line":15,"column":5}},{"start":{},"end":{}}],"line":12},"1":{"loc":{"start":{"line":24,"column":4},"end":{"line":69,"column":5}},"type":"if","locations":[{"start":{"line":24,"column":4},"end":{"line":69,"column":5}},{"start":{},"end":{}}],"line":24},"2":{"loc":{"start":{"line":24,"column":8},"end":{"line":24,"column":69}},"type":"binary-expr","locations":[{"start":{"line":24,"column":8},"end":{"line":24,"column":24}},{"start":{"line":24,"column":28},"end":{"line":24,"column":41}},{"start":{"line":24,"column":45},"end":{"line":24,"column":69}}],"line":24},"3":{"loc":{"start":{"line":28,"column":6},"end":{"line":31,"column":7}},"type":"if","locations":[{"start":{"line":28,"column":6},"end":{"line":31,"column":7}},{"start":{},"end":{}}],"line":28},"4":{"loc":{"start":{"line":35,"column":6},"end":{"line":68,"column":7}},"type":"if","locations":[{"start":{"line":35,"column":6},"end":{"line":68,"column":7}},{"start":{"line":64,"column":13},"end":{"line":68,"column":7}}],"line":35},"5":{"loc":{"start":{"line":39,"column":10},"end":{"line":57,"column":11}},"type":"if","locations":[{"start":{"line":39,"column":10},"end":{"line":57,"column":11}},{"start":{"line":55,"column":17},"end":{"line":57,"column":11}}],"line":39},"6":{"loc":{"start":{"line":41,"column":12},"end":{"line":44,"column":13}},"type":"if","locations":[{"start":{"line":41,"column":12},"end":{"line":44,"column":13}},{"start":{},"end":{}}],"line":41},"7":{"loc":{"start":{"line":51,"column":12},"end":{"line":54,"column":13}},"type":"if","locations":[{"start":{"line":51,"column":12},"end":{"line":54,"column":13}},{"start":{},"end":{}}],"line":51}},"s":{"0":0,"1":0,"2":0,"3":0,"4":0,"5":0,"6":0,"7":0,"8":0,"9":0,"10":0,"11":0,"12":0,"13":0,"14":0,"15":0,"16":0,"17":0,"18":0,"19":0,"20":0,"21":0,"22":0,"23":0,"24":0,"25":0,"26":0,"27":0,"28":0,"29":0,"30":0,"31":0,"32":0,"33":0,"34":0},"f":{"0":0,"1":0,"2":0,"3":0},"b":{"0":[0,0],"1":[0,0],"2":[0,0,0],"3":[0,0],"4":[0,0],"5":[0,0],"6":[0,0],"7":[0,0]}}
,"/home/utku/video-diary/app/components/CropControls.tsx": {"path":"/home/utku/video-diary/app/components/CropControls.tsx","statementMap":{},"fnMap":{},"branchMap":{},"s":{},"f":{},"b":{}}
,"/home/utku/video-diary/app/components/Header.tsx": {"path":"/home/utku/video-diary/app/components/Header.tsx","statementMap":{"0":{"start":{"line":5,"column":2},"end":{"line":11,"column":4}}},"fnMap":{"0":{"name":"Header","decl":{"start":{"line":4,"column":16},"end":{"line":4,"column":22}},"loc":{"start":{"line":4,"column":25},"end":{"line":12,"column":1}},"line":4}},"branchMap":{},"s":{"0":0},"f":{"0":0},"b":{}}
,"/home/utku/video-diary/app/components/Home.tsx": {"path":"/home/utku/video-diary/app/components/Home.tsx","statementMap":{"0":{"start":{"line":9,"column":25},"end":{"line":70,"column":3}},"1":{"start":{"line":11,"column":23},"end":{"line":11,"column":78}},"2":{"start":{"line":12,"column":4},"end":{"line":15,"column":5}},"3":{"start":{"line":13,"column":6},"end":{"line":13,"column":86}},"4":{"start":{"line":14,"column":6},"end":{"line":14,"column":13}},"5":{"start":{"line":17,"column":19},"end":{"line":22,"column":6}},"6":{"start":{"line":24,"column":4},"end":{"line":69,"column":5}},"7":{"start":{"line":25,"column":20},"end":{"line":25,"column":36}},"8":{"start":{"line":28,"column":6},"end":{"line":31,"column":7}},"9":{"start":{"line":29,"column":8},"end":{"line":29,"column":71}},"10":{"start":{"line":30,"column":8},"end":{"line":30,"column":15}},"11":{"start":{"line":33,"column":23},"end":{"line":33,"column":43}},"12":{"start":{"line":35,"column":6},"end":{"line":68,"column":7}},"13":{"start":{"line":36,"column":8},"end":{"line":61,"column":9}},"14":{"start":{"line":37,"column":27},"end":{"line":37,"column":66}},"15":{"start":{"line":39,"column":10},"end":{"line":57,"column":11}},"16":{"start":{"line":40,"column":29},"end":{"line":40,"column":42}},"17":{"start":{"line":41,"column":12},"end":{"line":44,"column":13}},"18":{"start":{"line":42,"column":14},"end":{"line":42,"column":82}},"19":{"start":{"line":43,"column":14},"end":{"line":43,"column":21}},"20":{"start":{"line":47,"column":34},"end":{"line":47,"column":92}},"21":{"start":{"line":49,"column":59},"end":{"line":49,"column":102}},"22":{"start":{"line":51,"column":12},"end":{"line":54,"column":13}},"23":{"start":{"line":52,"column":14},"end":{"line":52,"column":83}},"24":{"start":{"line":53,"column":14},"end":{"line":53,"column":21}},"25":{"start":{"line":56,"column":12},"end":{"line":56,"column":78}},"26":{"start":{"line":59,"column":10},"end":{"line":59,"column":60}},"27":{"start":{"line":60,"column":10},"end":{"line":60,"column":71}},"28":{"start":{"line":63,"column":8},"end":{"line":63,"column":35}},"29":{"start":{"line":66,"column":8},"end":{"line":66,"column":90}},"30":{"start":{"line":67,"column":8},"end":{"line":67,"column":85}},"31":{"start":{"line":72,"column":27},"end":{"line":79,"column":3}},"32":{"start":{"line":78,"column":4},"end":{"line":78,"column":47}},"33":{"start":{"line":82,"column":2},"end":{"line":118,"column":4}},"34":{"start":{"line":95,"column":26},"end":{"line":95,"column":30}}},"fnMap":{"0":{"name":"Home","decl":{"start":{"line":8,"column":24},"end":{"line":8,"column":28}},"loc":{"start":{"line":8,"column":31},"end":{"line":119,"column":1}},"line":8},"1":{"name":"(anonymous_1)","decl":{"start":{"line":9,"column":25},"end":{"line":9,"column":26}},"loc":{"start":{"line":9,"column":37},"end":{"line":70,"column":3}},"line":9},"2":{"name":"(anonymous_2)","decl":{"start":{"line":72,"column":27},"end":{"line":72,"column":28}},"loc":{"start":{"line":72,"column":55},"end":{"line":79,"column":3}},"line":72},"3":{"name":"(anonymous_3)","decl":{"start":{"line":95,"column":20},"end":{"line":95,"column":21}},"loc":{"start":{"line":95,"column":26},"end":{"line":95,"column":30}},"line":95}},"branchMap":{"0":{"loc":{"start":{"line":12,"column":4},"end":{"line":15,"column":5}},"type":"if","locations":[{"start":{"line":12,"column":4},"end":{"line":15,"column":5}},{"start":{},"end":{}}],"line":12},"1":{"loc":{"start":{"line":24,"column":4},"end":{"line":69,"column":5}},"type":"if","locations":[{"start":{"line":24,"column":4},"end":{"line":69,"column":5}},{"start":{},"end":{}}],"line":24},"2":{"loc":{"start":{"line":24,"column":8},"end":{"line":24,"column":69}},"type":"binary-expr","locations":[{"start":{"line":24,"column":8},"end":{"line":24,"column":24}},{"start":{"line":24,"column":28},"end":{"line":24,"column":41}},{"start":{"line":24,"column":45},"end":{"line":24,"column":69}}],"line":24},"3":{"loc":{"start":{"line":28,"column":6},"end":{"line":31,"column":7}},"type":"if","locations":[{"start":{"line":28,"column":6},"end":{"line":31,"column":7}},{"start":{},"end":{}}],"line":28},"4":{"loc":{"start":{"line":35,"column":6},"end":{"line":68,"column":7}},"type":"if","locations":[{"start":{"line":35,"column":6},"end":{"line":68,"column":7}},{"start":{"line":64,"column":13},"end":{"line":68,"column":7}}],"line":35},"5":{"loc":{"start":{"line":39,"column":10},"end":{"line":57,"column":11}},"type":"if","locations":[{"start":{"line":39,"column":10},"end":{"line":57,"column":11}},{"start":{"line":55,"column":17},"end":{"line":57,"column":11}}],"line":39},"6":{"loc":{"start":{"line":41,"column":12},"end":{"line":44,"column":13}},"type":"if","locations":[{"start":{"line":41,"column":12},"end":{"line":44,"column":13}},{"start":{},"end":{}}],"line":41},"7":{"loc":{"start":{"line":51,"column":12},"end":{"line":54,"column":13}},"type":"if","locations":[{"start":{"line":51,"column":12},"end":{"line":54,"column":13}},{"start":{},"end":{}}],"line":51}},"s":{"0":3,"1":1,"2":1,"3":0,"4":0,"5":1,"6":1,"7":1,"8":1,"9":0,"10":0,"11":1,"12":1,"13":1,"14":1,"15":1,"16":1,"17":1,"18":0,"19":0,"20":1,"21":1,"22":1,"23":1,"24":1,"25":0,"26":0,"27":0,"28":0,"29":0,"30":0,"31":3,"32":0,"33":3,"34":0},"f":{"0":3,"1":1,"2":0,"3":0},"b":{"0":[0,1],"1":[1,0],"2":[1,1,1],"3":[0,1],"4":[1,0],"5":[1,0],"6":[0,1],"7":[1,0]},"_coverageSchema":"1a1c01bbd47fc00a2c39e90264f33305004495a9","hash":"4aed20e5b089603d565bf0d3b0cf177e9a3337fc"}
,"/home/utku/video-diary/app/components/MetaDataForm.tsx": {"path":"/home/utku/video-diary/app/components/MetaDataForm.tsx","statementMap":{},"fnMap":{},"branchMap":{},"s":{},"f":{},"b":{}}
,"/home/utku/video-diary/app/components/VideoItem.tsx": {"path":"/home/utku/video-diary/app/components/VideoItem.tsx","statementMap":{},"fnMap":{},"branchMap":{},"s":{},"f":{},"b":{}}
,"/home/utku/video-diary/app/components/VideoList.tsx": {"path":"/home/utku/video-diary/app/components/VideoList.tsx","statementMap":{},"fnMap":{},"branchMap":{},"s":{},"f":{},"b":{}}
,"/home/utku/video-diary/app/components/VideoPickerModal.tsx": {"path":"/home/utku/video-diary/app/components/VideoPickerModal.tsx","statementMap":{},"fnMap":{},"branchMap":{},"s":{},"f":{},"b":{}}
,"/home/utku/video-diary/app/components/VideoPlayer.tsx": {"path":"/home/utku/video-diary/app/components/VideoPlayer.tsx","statementMap":{},"fnMap":{},"branchMap":{},"s":{},"f":{},"b":{}}
,"/home/utku/video-diary/app/hooks/useVideoCrop.ts": {"path":"/home/utku/video-diary/app/hooks/useVideoCrop.ts","statementMap":{},"fnMap":{},"branchMap":{},"s":{},"f":{},"b":{}}
,"/home/utku/video-diary/app/hooks/useVideoPlayer.ts": {"path":"/home/utku/video-diary/app/hooks/useVideoPlayer.ts","statementMap":{},"fnMap":{},"branchMap":{},"s":{},"f":{},"b":{}}
,"/home/utku/video-diary/app/modals/crop.tsx": {"path":"/home/utku/video-diary/app/modals/crop.tsx","statementMap":{},"fnMap":{},"branchMap":{},"s":{},"f":{},"b":{}}
,"/home/utku/video-diary/app/modals/edit.tsx": {"path":"/home/utku/video-diary/app/modals/edit.tsx","statementMap":{},"fnMap":{},"branchMap":{},"s":{},"f":{},"b":{}}
,"/home/utku/video-diary/app/store/videoStore.ts": {"path":"/home/utku/video-diary/app/store/videoStore.ts","statementMap":{"0":{"start":{"line":2,"column":62},"end":{"line":2,"column":64}},"1":{"start":{"line":5,"column":24},"end":{"line":7,"column":1}},"2":{"start":{"line":6,"column":4},"end":{"line":6,"column":23}},"3":{"start":{"line":10,"column":27},"end":{"line":15,"column":1}},"4":{"start":{"line":11,"column":18},"end":{"line":11,"column":60}},"5":{"start":{"line":11,"column":44},"end":{"line":11,"column":59}},"6":{"start":{"line":12,"column":4},"end":{"line":14,"column":5}},"7":{"start":{"line":13,"column":8},"end":{"line":13,"column":32}},"8":{"start":{"line":18,"column":25},"end":{"line":20,"column":1}},"9":{"start":{"line":19,"column":4},"end":{"line":19,"column":18}},"10":{"start":{"line":24,"column":29},"end":{"line":42,"column":1}},"11":{"start":{"line":25,"column":32},"end":{"line":25,"column":53}},"12":{"start":{"line":27,"column":24},"end":{"line":30,"column":5}},"13":{"start":{"line":28,"column":8},"end":{"line":28,"column":24}},"14":{"start":{"line":29,"column":8},"end":{"line":29,"column":31}},"15":{"start":{"line":32,"column":28},"end":{"line":35,"column":5}},"16":{"start":{"line":33,"column":8},"end":{"line":33,"column":24}},"17":{"start":{"line":34,"column":8},"end":{"line":34,"column":31}},"18":{"start":{"line":37,"column":4},"end":{"line":41,"column":6}}},"fnMap":{"0":{"name":"(anonymous_0)","decl":{"start":{"line":5,"column":24},"end":{"line":5,"column":25}},"loc":{"start":{"line":5,"column":80},"end":{"line":7,"column":1}},"line":5},"1":{"name":"(anonymous_1)","decl":{"start":{"line":10,"column":27},"end":{"line":10,"column":28}},"loc":{"start":{"line":10,"column":43},"end":{"line":15,"column":1}},"line":10},"2":{"name":"(anonymous_2)","decl":{"start":{"line":11,"column":35},"end":{"line":11,"column":36}},"loc":{"start":{"line":11,"column":44},"end":{"line":11,"column":59}},"line":11},"3":{"name":"(anonymous_3)","decl":{"start":{"line":18,"column":25},"end":{"line":18,"column":26}},"loc":{"start":{"line":18,"column":31},"end":{"line":20,"column":1}},"line":18},"4":{"name":"(anonymous_4)","decl":{"start":{"line":24,"column":29},"end":{"line":24,"column":30}},"loc":{"start":{"line":24,"column":35},"end":{"line":42,"column":1}},"line":24},"5":{"name":"(anonymous_5)","decl":{"start":{"line":27,"column":24},"end":{"line":27,"column":25}},"loc":{"start":{"line":27,"column":80},"end":{"line":30,"column":5}},"line":27},"6":{"name":"(anonymous_6)","decl":{"start":{"line":32,"column":28},"end":{"line":32,"column":29}},"loc":{"start":{"line":32,"column":44},"end":{"line":35,"column":5}},"line":32}},"branchMap":{"0":{"loc":{"start":{"line":12,"column":4},"end":{"line":14,"column":5}},"type":"if","locations":[{"start":{"line":12,"column":4},"end":{"line":14,"column":5}},{"start":{},"end":{}}],"line":12}},"s":{"0":0,"1":0,"2":0,"3":0,"4":0,"5":0,"6":0,"7":0,"8":0,"9":0,"10":0,"11":0,"12":0,"13":0,"14":0,"15":0,"16":0,"17":0,"18":0},"f":{"0":0,"1":0,"2":0,"3":0,"4":0,"5":0,"6":0},"b":{"0":[0,0]}}
,"/home/utku/video-diary/app/types/index.ts": {"path":"/home/utku/video-diary/app/types/index.ts","statementMap":{},"fnMap":{},"branchMap":{},"s":{},"f":{},"b":{}}
,"/home/utku/video-diary/app/utils/ffmpeg.ts": {"path":"/home/utku/video-diary/app/utils/ffmpeg.ts","statementMap":{},"fnMap":{},"branchMap":{},"s":{},"f":{},"b":{}}
,"/home/utku/video-diary/app/utils/validation.ts": {"path":"/home/utku/video-diary/app/utils/validation.ts","statementMap":{},"fnMap":{},"branchMap":{},"s":{},"f":{},"b":{}}
}
